[0801/114245.788:INFO:CONSOLE(163)] "Event handler of 'x-storagemutated-1' event must be added on the initial evaluation of worker script.", source: https://static.whatsapp.net/rsrc.php/v4/ys/r/_AXmyxq8KUA.js (163)
[0801/114246.963:INFO:CONSOLE(0)] "Error with Permissions-Policy header: Feature xr-spatial-tracking's parameters are ignored.", source:  (0)
[0801/114246.963:INFO:CONSOLE(0)] "Error with Permissions-Policy header: Origin trial controlled feature not enabled: 'attribution-reporting'.", source:  (0)
[0801/114246.963:INFO:CONSOLE(0)] "Error with Permissions-Policy header: Unrecognized feature: 'compute-pressure'.", source:  (0)
[0801/114246.963:INFO:CONSOLE(0)] "Error with Permissions-Policy header: Origin trial controlled feature not enabled: 'interest-cohort'.", source:  (0)
[0801/114246.963:INFO:CONSOLE(0)] "Error with Permissions-Policy header: Unrecognized feature: 'private-state-token-issuance'.", source:  (0)
[0801/114246.963:INFO:CONSOLE(0)] "Error with Permissions-Policy header: Origin trial controlled feature not enabled: 'shared-storage'.", source:  (0)
[0801/114246.963:INFO:CONSOLE(0)] "Error with Permissions-Policy header: Unrecognized feature: 'shared-storage-select-url'.", source:  (0)
[0801/114246.963:INFO:CONSOLE(0)] "Error with Permissions-Policy header: Unrecognized feature: 'private-state-token-redemption'.", source:  (0)
[0801/114246.963:INFO:CONSOLE(0)] "Error with Permissions-Policy header: Unrecognized feature: 'unload'.", source:  (0)
[0801/114246.963:INFO:CONSOLE(0)] "Error with Permissions-Policy header: Unrecognized feature: 'window-management'.", source:  (0)
[0801/114246.963:INFO:CONSOLE(0)] "Document-Policy HTTP header: Unrecognized document policy feature name include-js-call-stacks-in-crash-reports.", source: https://web.whatsapp.com/ (0)
[0801/114247.260:WARNING:backend_impl.cc(1816)] Destroying invalid entry.
[0801/114247.260:WARNING:backend_impl.cc(1816)] Destroying invalid entry.
[0801/114247.260:WARNING:backend_impl.cc(1816)] Destroying invalid entry.
[0801/114303.941:INFO:CONSOLE(163)] "Event handler of 'x-storagemutated-1' event must be added on the initial evaluation of worker script.", source: https://static.whatsapp.net/rsrc.php/v4/ys/r/_AXmyxq8KUA.js (163)
[0801/114352.059:INFO:CONSOLE(163)] "Event handler of 'x-storagemutated-1' event must be added on the initial evaluation of worker script.", source: https://static.whatsapp.net/rsrc.php/v4/ys/r/_AXmyxq8KUA.js (163)
[0801/114820.171:INFO:CONSOLE(163)] "Event handler of 'x-storagemutated-1' event must be added on the initial evaluation of worker script.", source: https://static.whatsapp.net/rsrc.php/v4/ys/r/_AXmyxq8KUA.js (163)
[0801/114903.044:INFO:CONSOLE(163)] "Event handler of 'x-storagemutated-1' event must be added on the initial evaluation of worker script.", source: https://static.whatsapp.net/rsrc.php/v4/ys/r/_AXmyxq8KUA.js (163)
[0801/114947.806:INFO:CONSOLE(163)] "Event handler of 'x-storagemutated-1' event must be added on the initial evaluation of worker script.", source: https://static.whatsapp.net/rsrc.php/v4/ys/r/_AXmyxq8KUA.js (163)
[0801/115042.288:INFO:CONSOLE(163)] "Event handler of 'x-storagemutated-1' event must be added on the initial evaluation of worker script.", source: https://static.whatsapp.net/rsrc.php/v4/ys/r/_AXmyxq8KUA.js (163)
[0801/115211.790:INFO:CONSOLE(163)] "Event handler of 'x-storagemutated-1' event must be added on the initial evaluation of worker script.", source: https://static.whatsapp.net/rsrc.php/v4/ys/r/_AXmyxq8KUA.js (163)
[0801/115304.693:INFO:CONSOLE(163)] "Event handler of 'x-storagemutated-1' event must be added on the initial evaluation of worker script.", source: https://static.whatsapp.net/rsrc.php/v4/ys/r/_AXmyxq8KUA.js (163)
[0801/115345.979:INFO:CONSOLE(163)] "Event handler of 'x-storagemutated-1' event must be added on the initial evaluation of worker script.", source: https://static.whatsapp.net/rsrc.php/v4/ys/r/_AXmyxq8KUA.js (163)
[0801/115508.891:INFO:CONSOLE(163)] "Event handler of 'x-storagemutated-1' event must be added on the initial evaluation of worker script.", source: https://static.whatsapp.net/rsrc.php/v4/ys/r/_AXmyxq8KUA.js (163)
[0801/115530.781:INFO:CONSOLE(895)] "Failed to parse video contentType: video/mp4; codecs=avc1.42000a", source: https://static.whatsapp.net/rsrc.php/v4ixQf4/y5/l/pt_BR-j/YmfspsOdq57.js (895)
[0801/115530.781:INFO:CONSOLE(895)] "Failed to parse video contentType: video/mp4; codecs=hev1.1.6.L93.B0", source: https://static.whatsapp.net/rsrc.php/v4ixQf4/y5/l/pt_BR-j/YmfspsOdq57.js (895)
[0801/115619.538:INFO:CONSOLE(163)] "Event handler of 'x-storagemutated-1' event must be added on the initial evaluation of worker script.", source: https://static.whatsapp.net/rsrc.php/v4/ys/r/_AXmyxq8KUA.js (163)
[0801/115726.110:INFO:CONSOLE(163)] "Event handler of 'x-storagemutated-1' event must be added on the initial evaluation of worker script.", source: https://static.whatsapp.net/rsrc.php/v4/ys/r/_AXmyxq8KUA.js (163)
[0801/115921.225:INFO:CONSOLE(163)] "Event handler of 'x-storagemutated-1' event must be added on the initial evaluation of worker script.", source: https://static.whatsapp.net/rsrc.php/v4/ys/r/_AXmyxq8KUA.js (163)
[0801/120152.164:INFO:CONSOLE(163)] "Event handler of 'x-storagemutated-1' event must be added on the initial evaluation of worker script.", source: https://static.whatsapp.net/rsrc.php/v4/ys/r/_AXmyxq8KUA.js (163)
[0801/120359.029:INFO:CONSOLE(163)] "Event handler of 'x-storagemutated-1' event must be added on the initial evaluation of worker script.", source: https://static.whatsapp.net/rsrc.php/v4/ys/r/_AXmyxq8KUA.js (163)
[0801/120435.764:INFO:CONSOLE(163)] "Event handler of 'x-storagemutated-1' event must be added on the initial evaluation of worker script.", source: https://static.whatsapp.net/rsrc.php/v4/ys/r/_AXmyxq8KUA.js (163)
[0801/120644.072:INFO:CONSOLE(163)] "Event handler of 'x-storagemutated-1' event must be added on the initial evaluation of worker script.", source: https://static.whatsapp.net/rsrc.php/v4/ys/r/_AXmyxq8KUA.js (163)
[0801/121027.016:INFO:CONSOLE(163)] "Event handler of 'x-storagemutated-1' event must be added on the initial evaluation of worker script.", source: https://static.whatsapp.net/rsrc.php/v4/ys/r/_AXmyxq8KUA.js (163)
[0801/121114.780:INFO:CONSOLE(163)] "Event handler of 'x-storagemutated-1' event must be added on the initial evaluation of worker script.", source: https://static.whatsapp.net/rsrc.php/v4/ys/r/_AXmyxq8KUA.js (163)
[0801/121203.839:INFO:CONSOLE(163)] "Event handler of 'x-storagemutated-1' event must be added on the initial evaluation of worker script.", source: https://static.whatsapp.net/rsrc.php/v4/ys/r/_AXmyxq8KUA.js (163)
[0801/121510.406:INFO:CONSOLE(163)] "Event handler of 'x-storagemutated-1' event must be added on the initial evaluation of worker script.", source: https://static.whatsapp.net/rsrc.php/v4/ys/r/_AXmyxq8KUA.js (163)
[0801/121842.011:INFO:CONSOLE(163)] "Event handler of 'x-storagemutated-1' event must be added on the initial evaluation of worker script.", source: https://static.whatsapp.net/rsrc.php/v4/ys/r/_AXmyxq8KUA.js (163)
[0801/122049.058:ERROR:transactional_leveldb_iterator.cc(61)] LevelDB iterator error: IO error: C:\Users\motol\OneDrive\Documentos\Automação Web\.wwebjs_auth\session\Default\IndexedDB\https_web.whatsapp.com_0.indexeddb.leveldb/004459.ldb: File currently in use. (ChromeMethodBFE: 8::NewRandomAccessFile::2)
[0801/122049.189:INFO:CONSOLE(150)] "Uncaught (in promise) [object Object]", source: https://static.whatsapp.net/rsrc.php/v4/yr/r/J1cvVFvJik0.js (150)
[0801/122050.369:INFO:CONSOLE(0)] "Uncaught (in promise) [object Object]", source: https://web.whatsapp.com/static_resources/webworker_v1/init_script/?__hs=20301.HYP%3Awhatsapp_comet_pkg.2.1...0&__spin_r=1025408277&__spin_b=trunk&__spin_t=1754059366 (0)
[0801/122050.560:INFO:CONSOLE(150)] "Uncaught (in promise) [object Object]", source: https://static.whatsapp.net/rsrc.php/v4/yr/r/J1cvVFvJik0.js (150)
